2026-04-23 15:58:08,200	INFO worker.py:2013 -- Started a local Ray instance.
[32m2026-04-23 15:58:08[0m | [37mINFO    [0m | [37mRay resources: {'memory': 17088222413.0, 'node:172.23.48.184': 1.0, 'GPU': 1.0, 'accelerator_type:G': 1.0, 'CPU': 12.0, 'object_store_memory': 7323523891.0, 'node:__internal_head__': 1.0}[0m
[32m2026-04-23 15:58:11[0m | [37mINFO    [0m | [37mEnv: obs_size=75, action_size=8[0m
[32m2026-04-23 15:58:11[0m | [37mINFO    [0m | [37mCompiling plan_fn (one warm-up episode per actor)...[0m
[36m(LearnerActor pid=21290)[0m [32m2026-04-23 15:58:12[0m | [37mINFO    [0m | [37m(Learner pid=21290) Initializing on GPU...[0m
[36m(LearnerActor pid=21290)[0m [32m2026-04-23 16:00:04[0m | [37mINFO    [0m | [37m(Learner pid=21290) No checkpoint found — starting fresh.[0m
[36m(LearnerActor pid=21290)[0m [32m2026-04-23 16:00:05[0m | [37mINFO    [0m | [37m(Learner pid=21290) Setup complete.[0m
[36m(DataActor pid=21289)[0m 2026-04-23 16:01:05.334119: W external/xla/xla/service/gpu/autotuning/dot_search_space.cc:200] All configs were filtered out because none of them sufficiently match the hints. Maybe the hints set does not contain a good representative set of valid configs?Working around this by using the full hints set instead.
[36m(DataActor pid=21289)[0m 2026-04-23 16:01:05.334327: W external/xla/xla/service/gpu/autotuning/dot_search_space.cc:200] All configs were filtered out because none of them sufficiently match the hints. Maybe the hints set does not contain a good representative set of valid configs?Working around this by using the full hints set instead.
[36m(DataActor pid=21289)[0m 2026-04-23 16:01:05.334353: W external/xla/xla/service/gpu/autotuning/dot_search_space.cc:200] All configs were filtered out because none of them sufficiently match the hints. Maybe the hints set does not contain a good representative set of valid configs?Working around this by using the full hints set instead.
[36m(DataActor pid=21289)[0m 2026-04-23 16:01:05.334366: W external/xla/xla/service/gpu/autotuning/dot_search_space.cc:200] All configs were filtered out because none of them sufficiently match the hints. Maybe the hints set does not contain a good representative set of valid configs?Working around this by using the full hints set instead.
[36m(DataActor pid=21289)[0m 2026-04-23 16:01:05.334397: W external/xla/xla/service/gpu/autotuning/dot_search_space.cc:200] All configs were filtered out because none of them sufficiently match the hints. Maybe the hints set does not contain a good representative set of valid configs?Working around this by using the full hints set instead.
[36m(DataActor pid=21287)[0m [32m2026-04-23 16:00:05[0m | [37mINFO    [0m | [37m(DataActor 2 pid=21287) Setup complete.[0m[32m [repeated 4x across cluster] (Ray deduplicates logs by default. Set RAY_DEDUP_LOGS=0 to disable log deduplication, or see https://docs.ray.io/en/master/ray-observability/user-guides/configure-logging.html#log-deduplication for more options.)[0m
[36m(DataActor pid=21287)[0m 2026-04-23 16:01:11.781377: W external/xla/xla/service/gpu/autotuning/dot_search_space.cc:200] All configs were filtered out because none of them sufficiently match the hints. Maybe the hints set does not contain a good representative set of valid configs?Working around this by using the full hints set instead.[32m [repeated 5x across cluster][0m
[32m2026-04-23 16:02:01[0m | [37mINFO    [0m | [37mWarmup: filling buffer to 20 items...[0m
[32m2026-04-23 16:02:01[0m | [37mINFO    [0m | [37m
Warmup complete in 0.0s.[0m
[32m2026-04-23 16:02:01[0m | [37mINFO    [0m | [37mStarting main training loop...[0m
[36m(ReanalyzeActor pid=21291)[0m 2026-04-23 16:02:42.249034: W external/xla/xla/service/gpu/autotuning/dot_search_space.cc:200] All configs were filtered out because none of them sufficiently match the hints. Maybe the hints set does not contain a good representative set of valid configs?Working around this by using the full hints set instead.[32m [repeated 15x across cluster][0m
[36m(ReanalyzeActor pid=21291)[0m 2026-04-23 16:04:26.874806: W external/xla/xla/service/gpu/autotuning/dot_search_space.cc:200] All configs were filtered out because none of them sufficiently match the hints. Maybe the hints set does not contain a good representative set of valid configs?Working around this by using the full hints set instead.[32m [repeated 2x across cluster][0m
[36m(ReanalyzeActor pid=21291)[0m [32m2026-04-23 16:06:31[0m | [37mINFO    [0m | [37m[profile:reanalyze[0] @ step 10]  buffer_update=60.7ms  |  mcts_plan=23821.7ms  |  param_sync=0.5ms  |  sample_wait=960.6ms[0m
[36m(ReanalyzeActor pid=21291)[0m [32m2026-04-23 16:07:58[0m | [37mINFO    [0m | [37m[profile:reanalyze[0] @ step 20]  buffer_update=208.5ms  |  mcts_plan=7326.0ms  |  param_sync=0.2ms  |  sample_wait=251.8ms[0m
[36m(DataActor pid=21289)[0m [32m2026-04-23 16:08:56[0m | [37mINFO    [0m | [37m[profile:data_actor[0] @ step 10]  buffer_add=147.9ms  |  device_get=3.2ms  |  env_step=813.1ms  |  param_sync=0.0ms  |  plan=1728.7ms  |  process_episode=42.9ms[0m
[36m(ReanalyzeActor pid=21291)[0m [32m2026-04-23 16:09:11[0m | [37mINFO    [0m | [37m[profile:reanalyze[0] @ step 30]  buffer_update=20.4ms  |  mcts_plan=6591.8ms  |  param_sync=0.1ms  |  sample_wait=171.0ms[0m
[32m2026-04-23 16:09:43[0m | [37mINFO    [0m | [37mEpisodes:    100 | Avg Return:     0.21 | Avg Loss: 0.0000 | eps/s: 0.2 | train steps/s: 0.0[0m
[32m2026-04-23 16:09:43[0m | [37mINFO    [0m | [37m  buf=1149/500000 (0.2%) pri=[0.005,48.991] beta=0.400[0m
[36m(LearnerActor pid=21290)[0m [32m2026-04-23 16:10:09[0m | [37mINFO    [0m | [37m(Learner) step=10 | total=2.0105 reward=1.7520 policy=2.0553 value=2.5844 consistency=0.1217 | grad_norm=5.563[0m
[36m(LearnerActor pid=21290)[0m [32m2026-04-23 16:10:09[0m | [37mINFO    [0m | [37m[profile:learner @ step 10]  d2h_transfer=3646.2ms  |  device_put=3053.1ms  |  ema_update=4889.2ms  |  rng_split=19.1ms  |  sample_wait=844.0ms  |  train_step=30216.2ms[0m
[36m(ReanalyzeActor pid=21291)[0m [32m2026-04-23 16:10:13[0m | [37mINFO    [0m | [37m[profile:reanalyze[0] @ step 40]  buffer_update=61.2ms  |  mcts_plan=5726.3ms  |  param_sync=0.4ms  |  sample_wait=16.7ms[0m
[36m(LearnerActor pid=21290)[0m [32m2026-04-23 16:10:32[0m | [37mINFO    [0m | [37m(Learner) run_training_loop: 19 steps | wall=470176ms | avg_per_step=24746.1ms[0m
[36m(DataActor pid=21295)[0m [32m2026-04-23 16:10:39[0m | [37mINFO    [0m | [37m[profile:data_actor[1] @ step 10]  buffer_add=58.5ms  |  device_get=78.7ms  |  env_step=883.0ms  |  param_sync=0.0ms  |  plan=1673.7ms  |  process_episode=20.6ms[0m
[36m(DataActor pid=21287)[0m [32m2026-04-23 16:10:47[0m | [37mINFO    [0m | [37m[profile:data_actor[2] @ step 10]  buffer_add=147.9ms  |  device_get=2.6ms  |  env_step=294.4ms  |  param_sync=0.0ms  |  plan=2497.5ms  |  process_episode=31.6ms[0m
[36m(LearnerActor pid=21290)[0m [32m2026-04-23 16:10:53[0m | [37mINFO    [0m | [37m(Learner) step=20 | total=1.0866 reward=1.0696 policy=2.0063 value=2.3304 consistency=-0.0377 | grad_norm=1.489[0m
[36m(LearnerActor pid=21290)[0m [32m2026-04-23 16:10:53[0m | [37mINFO    [0m | [37m[profile:learner @ step 20]  d2h_transfer=1.7ms  |  device_put=1864.2ms  |  ema_update=3.7ms  |  rng_split=0.8ms  |  sample_wait=9.3ms  |  train_step=135.2ms[0m
[36m(LearnerActor pid=21290)[0m [32m2026-04-23 16:11:16[0m | [37mINFO    [0m | [37m(Learner) step=30 | total=0.9118 reward=0.7732 policy=1.9917 value=2.2299 consistency=-0.2175 | grad_norm=0.965[0m
[36m(LearnerActor pid=21290)[0m [32m2026-04-23 16:11:16[0m | [37mINFO    [0m | [37m[profile:learner @ step 30]  d2h_transfer=1.5ms  |  device_put=1.8ms  |  ema_update=3.9ms  |  rng_split=0.8ms  |  sample_wait=0.9ms  |  train_step=2330.4ms[0m
[36m(ReanalyzeActor pid=21291)[0m [32m2026-04-23 16:11:19[0m | [37mINFO    [0m | [37m[profile:reanalyze[0] @ step 50]  buffer_update=13.6ms  |  mcts_plan=5915.4ms  |  param_sync=149.2ms  |  sample_wait=12.2ms[0m
[36m(LearnerActor pid=21290)[0m [32m2026-04-23 16:11:39[0m | [37mINFO    [0m | [37m(Learner) run_training_loop: 20 steps | wall=43629ms | avg_per_step=2181.5ms[0m
[36m(LearnerActor pid=21290)[0m [32m2026-04-23 16:11:40[0m | [37mINFO    [0m | [37m(Learner) step=40 | total=0.6892 reward=0.6598 policy=1.9699 value=2.2355 consistency=-0.3410 | grad_norm=0.643[0m
[36m(LearnerActor pid=21290)[0m [32m2026-04-23 16:11:40[0m | [37mINFO    [0m | [37m[profile:learner @ step 40]  d2h_transfer=1.2ms  |  device_put=0.8ms  |  ema_update=4.4ms  |  rng_split=0.7ms  |  sample_wait=1.1ms  |  train_step=1997.0ms[0m
[36m(ReanalyzeActor pid=21291)[0m [32m2026-04-23 16:11:58[0m | [37mINFO    [0m | [37m[profile:reanalyze[0] @ step 60]  buffer_update=36.1ms  |  mcts_plan=2328.0ms  |  param_sync=1180.2ms  |  sample_wait=15.6ms[0m
[36m(LearnerActor pid=21290)[0m [32m2026-04-23 16:12:40[0m | [37mINFO    [0m | [37m(Learner) step=50 | total=0.9071 reward=0.6113 policy=1.9609 value=2.1549 consistency=-0.4253 | grad_norm=0.808[0m
[36m(LearnerActor pid=21290)[0m [32m2026-04-23 16:12:40[0m | [37mINFO    [0m | [37m[profile:learner @ step 50]  d2h_transfer=1.3ms  |  device_put=0.6ms  |  ema_update=42.5ms  |  rng_split=15.5ms  |  sample_wait=9.4ms  |  train_step=5356.6ms[0m
[36m(ReanalyzeActor pid=21291)[0m [32m2026-04-23 16:12:43[0m | [37mINFO    [0m | [37m[profile:reanalyze[0] @ step 70]  buffer_update=11.6ms  |  mcts_plan=3917.2ms  |  param_sync=0.1ms  |  sample_wait=4.1ms[0m
[36m(LearnerActor pid=21290)[0m [32m2026-04-23 16:12:59[0m | [37mINFO    [0m | [37m(Learner) run_training_loop: 20 steps | wall=74000ms | avg_per_step=3700.0ms[0m
[36m(LearnerActor pid=21290)[0m [32m2026-04-23 16:13:00[0m | [37mINFO    [0m | [37m(Learner) step=60 | total=0.7228 reward=0.5824 policy=1.9663 value=2.0172 consistency=-0.5020 | grad_norm=0.630[0m
[36m(LearnerActor pid=21290)[0m [32m2026-04-23 16:13:00[0m | [37mINFO    [0m | [37m[profile:learner @ step 60]  d2h_transfer=1.6ms  |  device_put=1.8ms  |  ema_update=3.8ms  |  rng_split=1.2ms  |  sample_wait=2.2ms  |  train_step=1942.8ms[0m
[36m(LearnerActor pid=21290)[0m [32m2026-04-23 16:13:35[0m | [37mINFO    [0m | [37m(Learner) step=70 | total=0.8134 reward=0.5610 policy=1.9669 value=1.9411 consistency=-0.5665 | grad_norm=0.705[0m
[36m(LearnerActor pid=21290)[0m [32m2026-04-23 16:13:35[0m | [37mINFO    [0m | [37m[profile:learner @ step 70]  d2h_transfer=1.7ms  |  device_put=1.1ms  |  ema_update=4.1ms  |  rng_split=0.6ms  |  sample_wait=1.5ms  |  train_step=3297.2ms[0m
[36m(LearnerActor pid=21290)[0m [32m2026-04-23 16:13:36[0m | [37mINFO    [0m | [37m(Learner) run_training_loop: 20 steps | wall=34164ms | avg_per_step=1708.2ms[0m
[36m(ReanalyzeActor pid=21291)[0m [32m2026-04-23 16:13:38[0m | [37mINFO    [0m | [37m[profile:reanalyze[0] @ step 80]  buffer_update=1834.4ms  |  mcts_plan=3379.0ms  |  param_sync=45.0ms  |  sample_wait=5.8ms[0m
[36m(LearnerActor pid=21290)[0m [32m2026-04-23 16:13:57[0m | [37mINFO    [0m | [37m(Learner) step=80 | total=0.0031 reward=0.5480 policy=1.9544 value=1.9568 consistency=-0.6205 | grad_norm=0.041[0m
[36m(LearnerActor pid=21290)[0m [32m2026-04-23 16:13:57[0m | [37mINFO    [0m | [37m[profile:learner @ step 80]  d2h_transfer=2.7ms  |  device_put=0.2ms  |  ema_update=3.8ms  |  rng_split=0.9ms  |  sample_wait=2.0ms  |  train_step=93.6ms[0m
[36m(LearnerActor pid=21290)[0m [32m2026-04-23 16:14:16[0m | [37mINFO    [0m | [37m(Learner) step=90 | total=0.7830 reward=0.5372 policy=1.9570 value=1.9177 consistency=-0.6635 | grad_norm=0.681[0m
[36m(LearnerActor pid=21290)[0m [32m2026-04-23 16:14:16[0m | [37mINFO    [0m | [37m[profile:learner @ step 90]  d2h_transfer=1.1ms  |  device_put=1.5ms  |  ema_update=4.4ms  |  rng_split=1.1ms  |  sample_wait=1.2ms  |  train_step=1872.3ms[0m
[36m(ReanalyzeActor pid=21291)[0m [32m2026-04-23 16:14:24[0m | [37mINFO    [0m | [37m[profile:reanalyze[0] @ step 90]  buffer_update=34.1ms  |  mcts_plan=3926.5ms  |  param_sync=34.0ms  |  sample_wait=11.9ms[0m
[36m(LearnerActor pid=21290)[0m [32m2026-04-23 16:14:37[0m | [37mINFO    [0m | [37m(Learner) run_training_loop: 20 steps | wall=37237ms | avg_per_step=1861.8ms[0m
[36m(LearnerActor pid=21290)[0m [32m2026-04-23 16:14:37[0m | [37mINFO    [0m | [37m(Learner) step=100 | total=0.5560 reward=0.5279 policy=1.9556 value=1.9214 consistency=-0.6982 | grad_norm=0.541[0m
[36m(LearnerActor pid=21290)[0m [32m2026-04-23 16:14:37[0m | [37mINFO    [0m | [37m[profile:learner @ step 100]  d2h_transfer=1.3ms  |  device_put=0.8ms  |  ema_update=3.5ms  |  rng_split=1.7ms  |  sample_wait=0.7ms  |  train_step=1807.9ms[0m
[36m(LearnerActor pid=21290)[0m [32m2026-04-23 16:15:02[0m | [37mINFO    [0m | [37m(Learner) step=110 | total=0.5922 reward=0.5187 policy=1.9767 value=1.9452 consistency=-0.7269 | grad_norm=0.549[0m
[36m(LearnerActor pid=21290)[0m [32m2026-04-23 16:15:02[0m | [37mINFO    [0m | [37m[profile:learner @ step 110]  d2h_transfer=1.5ms  |  device_put=2.4ms  |  ema_update=4.8ms  |  rng_split=1.2ms  |  sample_wait=0.7ms  |  train_step=2126.7ms[0m
[36m(LearnerActor pid=21290)[0m [32m2026-04-23 16:15:19[0m | [37mINFO    [0m | [37m(Learner) run_training_loop: 20 steps | wall=38680ms | avg_per_step=1934.0ms[0m
[36m(LearnerActor pid=21290)[0m [32m2026-04-23 16:15:19[0m | [37mINFO    [0m | [37m(Learner) step=120 | total=0.8716 reward=0.5136 policy=1.9713 value=1.9239 consistency=-0.7476 | grad_norm=0.713[0m
[36m(LearnerActor pid=21290)[0m [32m2026-04-23 16:15:19[0m | [37mINFO    [0m | [37m[profile:learner @ step 120]  d2h_transfer=1.2ms  |  device_put=1.1ms  |  ema_update=3.7ms  |  rng_split=2.0ms  |  sample_wait=0.6ms  |  train_step=1710.2ms[0m
[36m(ReanalyzeActor pid=21291)[0m [32m2026-04-23 16:15:23[0m | [37mINFO    [0m | [37m[profile:reanalyze[0] @ step 100]  buffer_update=79.1ms  |  mcts_plan=5508.2ms  |  param_sync=45.8ms  |  sample_wait=3.3ms[0m
[36m(ReanalyzeActor pid=21291)[0m [32m2026-04-23 16:15:47[0m | [37mINFO    [0m | [37m[profile:reanalyze[0] @ step 110]  buffer_update=8.7ms  |  mcts_plan=2043.5ms  |  param_sync=0.1ms  |  sample_wait=4.8ms[0m
[36m(LearnerActor pid=21290)[0m [32m2026-04-23 16:16:00[0m | [37mINFO    [0m | [37m(Learner) step=130 | total=0.7740 reward=0.5074 policy=1.9723 value=1.9096 consistency=-0.7692 | grad_norm=0.666[0m
[36m(LearnerActor pid=21290)[0m [32m2026-04-23 16:16:00[0m | [37mINFO    [0m | [37m[profile:learner @ step 130]  d2h_transfer=1669.8ms  |  device_put=1.2ms  |  ema_update=5.4ms  |  rng_split=0.9ms  |  sample_wait=1.0ms  |  train_step=2123.0ms[0m
[36m(LearnerActor pid=21290)[0m [32m2026-04-23 16:16:29[0m | [37mINFO    [0m | [37m(Learner) run_training_loop: 20 steps | wall=63525ms | avg_per_step=3176.2ms[0m
[36m(LearnerActor pid=21290)[0m [32m2026-04-23 16:16:29[0m | [37mINFO    [0m | [37m(Learner) step=140 | total=0.6756 reward=0.5014 policy=1.9766 value=1.8902 consistency=-0.7876 | grad_norm=0.593[0m
[36m(LearnerActor pid=21290)[0m [32m2026-04-23 16:16:29[0m | [37mINFO    [0m | [37m[profile:learner @ step 140]  d2h_transfer=1.6ms  |  device_put=0.2ms  |  ema_update=8.1ms  |  rng_split=1.0ms  |  sample_wait=1.4ms  |  train_step=2526.4ms[0m
[36m(ReanalyzeActor pid=21291)[0m [32m2026-04-23 16:16:32[0m | [37mINFO    [0m | [37m[profile:reanalyze[0] @ step 120]  buffer_update=6.3ms  |  mcts_plan=4240.0ms  |  param_sync=14.2ms  |  sample_wait=5.4ms[0m
[36m(LearnerActor pid=21290)[0m [32m2026-04-23 16:16:50[0m | [37mINFO    [0m | [37m(Learner) step=150 | total=0.5218 reward=0.4956 policy=1.9682 value=1.8759 consistency=-0.8026 | grad_norm=0.450[0m
[36m(LearnerActor pid=21290)[0m [32m2026-04-23 16:16:50[0m | [37mINFO    [0m | [37m[profile:learner @ step 150]  d2h_transfer=1.4ms  |  device_put=0.5ms  |  ema_update=3.9ms  |  rng_split=1.1ms  |  sample_wait=0.8ms  |  train_step=1808.9ms[0m
[36m(ReanalyzeActor pid=21291)[0m [32m2026-04-23 16:16:59[0m | [37mINFO    [0m | [37m[profile:reanalyze[0] @ step 130]  buffer_update=7.2ms  |  mcts_plan=2323.4ms  |  param_sync=0.1ms  |  sample_wait=2.9ms[0m
[36m(LearnerActor pid=21290)[0m [32m2026-04-23 16:17:13[0m | [37mINFO    [0m | [37m(Learner) run_training_loop: 20 steps | wall=41770ms | avg_per_step=2088.5ms[0m
[36m(LearnerActor pid=21290)[0m [32m2026-04-23 16:17:14[0m | [37mINFO    [0m | [37m(Learner) step=160 | total=0.5827 reward=0.4911 policy=1.9718 value=1.8781 consistency=-0.8170 | grad_norm=0.491[0m
[36m(LearnerActor pid=21290)[0m [32m2026-04-23 16:17:14[0m | [37mINFO    [0m | [37m[profile:learner @ step 160]  d2h_transfer=1.6ms  |  device_put=0.6ms  |  ema_update=3.8ms  |  rng_split=1.7ms  |  sample_wait=0.6ms  |  train_step=2341.8ms[0m
[36m(LearnerActor pid=21290)[0m [32m2026-04-23 16:17:37[0m | [37mINFO    [0m | [37m(Learner) step=170 | total=0.9015 reward=0.4847 policy=1.9693 value=1.8685 consistency=-0.8302 | grad_norm=0.720[0m
[36m(LearnerActor pid=21290)[0m [32m2026-04-23 16:17:37[0m | [37mINFO    [0m | [37m[profile:learner @ step 170]  d2h_transfer=1.5ms  |  device_put=1973.9ms  |  ema_update=3.7ms  |  rng_split=0.8ms  |  sample_wait=1.4ms  |  train_step=83.7ms[0m
[36m(ReanalyzeActor pid=21291)[0m [32m2026-04-23 16:17:41[0m | [37mINFO    [0m | [37m[profile:reanalyze[0] @ step 140]  buffer_update=6.3ms  |  mcts_plan=3842.2ms  |  param_sync=33.1ms  |  sample_wait=3.6ms[0m
[32m2026-04-23 16:17:54[0m | [37mINFO    [0m | [37mEpisodes:    200 | Avg Return:     0.21 | Avg Loss: 0.8672 | eps/s: 0.2 | train steps/s: 0.4[0m
[32m2026-04-23 16:17:54[0m | [37mINFO    [0m | [37m  [loop profile] learner_calls=8 (avg gap=105026ms, expected=600ms)  |  data_completions=25  |  reanalyze_completions=108[0m
[32m2026-04-23 16:17:54[0m | [37mINFO    [0m | [37m  buf=2197/500000 (0.4%) pri=[0.000,38.354] beta=0.401[0m
[36m(LearnerActor pid=21290)[0m [32m2026-04-23 16:17:56[0m | [37mINFO    [0m | [37m(Learner) run_training_loop: 20 steps | wall=36667ms | avg_per_step=1833.3ms[0m
[36m(LearnerActor pid=21290)[0m [32m2026-04-23 16:18:16[0m | [37mINFO    [0m | [37m(Learner) step=180 | total=0.5609 reward=0.4810 policy=1.9393 value=1.8534 consistency=-0.8407 | grad_norm=0.448[0m
[36m(LearnerActor pid=21290)[0m [32m2026-04-23 16:18:16[0m | [37mINFO    [0m | [37m[profile:learner @ step 180]  d2h_transfer=1.1ms  |  device_put=0.6ms  |  ema_update=3.6ms  |  rng_split=1.6ms  |  sample_wait=2.2ms  |  train_step=1583.4ms[0m
[36m(ReanalyzeActor pid=21291)[0m [32m2026-04-23 16:18:19[0m | [37mINFO    [0m | [37m[profile:reanalyze[0] @ step 150]  buffer_update=5.0ms  |  mcts_plan=3573.4ms  |  param_sync=0.1ms  |  sample_wait=4.0ms[0m
[36m(ReanalyzeActor pid=21291)[0m [32m2026-04-23 16:18:45[0m | [37mINFO    [0m | [37m[profile:reanalyze[0] @ step 160]  buffer_update=13.4ms  |  mcts_plan=2248.9ms  |  param_sync=16.9ms  |  sample_wait=13.5ms[0m
[36m(LearnerActor pid=21290)[0m [32m2026-04-23 16:18:49[0m | [37mINFO    [0m | [37m(Learner) step=190 | total=0.4259 reward=0.4771 policy=1.9601 value=1.8363 consistency=-0.8477 | grad_norm=0.348[0m
[36m(LearnerActor pid=21290)[0m [32m2026-04-23 16:18:49[0m | [37mINFO    [0m | [37m[profile:learner @ step 190]  d2h_transfer=1979.7ms  |  device_put=0.5ms  |  ema_update=4.3ms  |  rng_split=1.1ms  |  sample_wait=3.1ms  |  train_step=1054.1ms[0m
[36m(LearnerActor pid=21290)[0m [32m2026-04-23 16:19:09[0m | [37mINFO    [0m | [37m(Learner) run_training_loop: 20 steps | wall=47780ms | avg_per_step=2389.0ms[0m
[36m(ReanalyzeActor pid=21291)[0m [32m2026-04-23 16:19:25[0m | [37mINFO    [0m | [37m[profile:reanalyze[0] @ step 170]  buffer_update=8.8ms  |  mcts_plan=3720.3ms  |  param_sync=0.1ms  |  sample_wait=6.5ms[0m
[36m(LearnerActor pid=21290)[0m [32m2026-04-23 16:19:30[0m | [37mINFO    [0m | [37m(Learner) step=200 | total=1.1702 reward=0.4729 policy=1.9514 value=1.8325 consistency=-0.8554 | grad_norm=0.952[0m
[36m(LearnerActor pid=21290)[0m [32m2026-04-23 16:19:30[0m | [37mINFO    [0m | [37m[profile:learner @ step 200]  d2h_transfer=1.2ms  |  device_put=0.9ms  |  ema_update=4.3ms  |  rng_split=0.9ms  |  sample_wait=1.9ms  |  train_step=1728.2ms[0m
[36m(ReanalyzeActor pid=21291)[0m [32m2026-04-23 16:19:50[0m | [37mINFO    [0m | [37m[profile:reanalyze[0] @ step 180]  buffer_update=6.8ms  |  mcts_plan=2167.0ms  |  param_sync=20.9ms  |  sample_wait=5.6ms[0m
[36m(DataActor pid=21295)[0m [32m2026-04-23 16:19:35[0m | [37mINFO    [0m | [37m[profile:data_actor[1] @ step 20]  buffer_add=34.9ms  |  device_get=2.8ms  |  env_step=305.4ms  |  param_sync=0.0ms  |  plan=2499.0ms  |  process_episode=10.4ms[0m
[36m(LearnerActor pid=21290)[0m [32m2026-04-23 16:19:53[0m | [37mINFO    [0m | [37m(Learner) step=210 | total=0.6900 reward=0.4683 policy=1.9652 value=1.8254 consistency=-0.8625 | grad_norm=0.594[0m
[36m(LearnerActor pid=21290)[0m [32m2026-04-23 16:19:53[0m | [37mINFO    [0m | [37m[profile:learner @ step 210]  d2h_transfer=1.4ms  |  device_put=0.5ms  |  ema_update=4.3ms  |  rng_split=1.6ms  |  sample_wait=1.1ms  |  train_step=1972.5ms[0m
[36m(DataActor pid=21289)[0m [32m2026-04-23 16:19:59[0m | [37mINFO    [0m | [37m[profile:data_actor[0] @ step 20]  buffer_add=66.0ms  |  device_get=123.5ms  |  env_step=659.1ms  |  param_sync=0.0ms  |  plan=2521.1ms  |  process_episode=28.0ms[0m
[36m(LearnerActor pid=21290)[0m [32m2026-04-23 16:20:09[0m | [37mINFO    [0m | [37m(Learner) run_training_loop: 20 steps | wall=36017ms | avg_per_step=1800.9ms[0m
[36m(LearnerActor pid=21290)[0m [32m2026-04-23 16:20:09[0m | [37mINFO    [0m | [37m(Learner) step=220 | total=1.5867 reward=0.4647 policy=1.9437 value=1.8186 consistency=-0.8681 | grad_norm=1.428[0m
[36m(LearnerActor pid=21290)[0m [32m2026-04-23 16:20:09[0m | [37mINFO    [0m | [37m[profile:learner @ step 220]  d2h_transfer=1.4ms  |  device_put=0.8ms  |  ema_update=3.2ms  |  rng_split=1.3ms  |  sample_wait=0.7ms  |  train_step=1590.0ms[0m
[36m(ReanalyzeActor pid=21291)[0m [32m2026-04-23 16:20:26[0m | [37mINFO    [0m | [37m[profile:reanalyze[0] @ step 190]  buffer_update=1483.3ms  |  mcts_plan=1764.4ms  |  param_sync=12.8ms  |  sample_wait=7.1ms[0m
[36m(LearnerActor pid=21290)[0m [32m2026-04-23 16:20:30[0m | [37mINFO    [0m | [37m(Learner) step=230 | total=1.7648 reward=0.4611 policy=1.9648 value=1.8246 consistency=-0.8736 | grad_norm=1.587[0m
[36m(LearnerActor pid=21290)[0m [32m2026-04-23 16:20:30[0m | [37mINFO    [0m | [37m[profile:learner @ step 230]  d2h_transfer=1668.9ms  |  device_put=1.0ms  |  ema_update=3.3ms  |  rng_split=1.3ms  |  sample_wait=1.0ms  |  train_step=83.0ms[0m
[36m(DataActor pid=21287)[0m [32m2026-04-23 16:20:42[0m | [37mINFO    [0m | [37m[profile:data_actor[2] @ step 20]  buffer_add=77.0ms  |  device_get=2.2ms  |  env_step=431.4ms  |  param_sync=0.0ms  |  plan=2616.1ms  |  process_episode=32.0ms[0m
[36m(LearnerActor pid=21290)[0m [32m2026-04-23 16:20:55[0m | [37mINFO    [0m | [37m(Learner) run_training_loop: 20 steps | wall=40304ms | avg_per_step=2015.2ms[0m
[36m(LearnerActor pid=21290)[0m [32m2026-04-23 16:20:55[0m | [37mINFO    [0m | [37m(Learner) step=240 | total=1.5581 reward=0.4577 policy=1.9601 value=1.8135 consistency=-0.8783 | grad_norm=1.246[0m
[36m(LearnerActor pid=21290)[0m [32m2026-04-23 16:20:55[0m | [37mINFO    [0m | [37m[profile:learner @ step 240]  d2h_transfer=1.4ms  |  device_put=2.7ms  |  ema_update=3.6ms  |  rng_split=1.0ms  |  sample_wait=1.4ms  |  train_step=2250.9ms[0m
[36m(ReanalyzeActor pid=21291)[0m [32m2026-04-23 16:21:10[0m | [37mINFO    [0m | [37m[profile:reanalyze[0] @ step 200]  buffer_update=3.9ms  |  mcts_plan=4129.7ms  |  param_sync=9.7ms  |  sample_wait=6.1ms[0m
[36m(LearnerActor pid=21290)[0m [32m2026-04-23 16:21:14[0m | [37mINFO    [0m | [37m(Learner) step=250 | total=1.7691 reward=0.4553 policy=1.9526 value=1.8088 consistency=-0.8832 | grad_norm=1.397[0m
[36m(LearnerActor pid=21290)[0m [32m2026-04-23 16:21:14[0m | [37mINFO    [0m | [37m[profile:learner @ step 250]  d2h_transfer=1.3ms  |  device_put=1775.9ms  |  ema_update=3.5ms  |  rng_split=4.4ms  |  sample_wait=11.1ms  |  train_step=82.4ms[0m
[36m(ReanalyzeActor pid=21291)[0m [32m2026-04-23 16:21:34[0m | [37mINFO    [0m | [37m[profile:reanalyze[0] @ step 210]  buffer_update=5.1ms  |  mcts_plan=2095.3ms  |  param_sync=0.1ms  |  sample_wait=5.3ms[0m
[36m(LearnerActor pid=21290)[0m [32m2026-04-23 16:21:37[0m | [37mINFO    [0m | [37m(Learner) run_training_loop: 20 steps | wall=38984ms | avg_per_step=1949.2ms[0m
[36m(LearnerActor pid=21290)[0m [32m2026-04-23 16:21:37[0m | [37mINFO    [0m | [37m(Learner) step=260 | total=1.7666 reward=0.4529 policy=1.9653 value=1.8058 consistency=-0.8862 | grad_norm=1.449[0m
[36m(LearnerActor pid=21290)[0m [32m2026-04-23 16:21:37[0m | [37mINFO    [0m | [37m[profile:learner @ step 260]  d2h_transfer=1879.6ms  |  device_put=1.1ms  |  ema_update=3.7ms  |  rng_split=8.1ms  |  sample_wait=0.6ms  |  train_step=87.9ms[0m
[36m(LearnerActor pid=21290)[0m [32m2026-04-23 16:21:59[0m | [37mINFO    [0m | [37m(Learner) step=270 | total=0.4102 reward=0.4512 policy=1.9670 value=1.8026 consistency=-0.8882 | grad_norm=0.330[0m
[36m(LearnerActor pid=21290)[0m [32m2026-04-23 16:21:59[0m | [37mINFO    [0m | [37m[profile:learner @ step 270]  d2h_transfer=1.4ms  |  device_put=1.1ms  |  ema_update=3.6ms  |  rng_split=1.4ms  |  sample_wait=3.1ms  |  train_step=1904.5ms[0m
[36m(ReanalyzeActor pid=21291)[0m [32m2026-04-23 16:22:16[0m | [37mINFO    [0m | [37m[profile:reanalyze[0] @ step 220]  buffer_update=4.3ms  |  mcts_plan=3798.9ms  |  param_sync=13.2ms  |  sample_wait=5.1ms[0m
[36m(LearnerActor pid=21290)[0m [32m2026-04-23 16:22:21[0m | [37mINFO    [0m | [37m(Learner) run_training_loop: 20 steps | wall=40641ms | avg_per_step=2032.0ms[0m
[36m(LearnerActor pid=21290)[0m [32m2026-04-23 16:22:21[0m | [37mINFO    [0m | [37m(Learner) step=280 | total=1.8398 reward=0.4482 policy=1.9787 value=1.8008 consistency=-0.8916 | grad_norm=1.458[0m
[36m(LearnerActor pid=21290)[0m [32m2026-04-23 16:22:21[0m | [37mINFO    [0m | [37m[profile:learner @ step 280]  d2h_transfer=1.0ms  |  device_put=0.7ms  |  ema_update=5.1ms  |  rng_split=1.8ms  |  sample_wait=0.7ms  |  train_step=2127.9ms[0m
[36m(ReanalyzeActor pid=21291)[0m [32m2026-04-23 16:22:37[0m | [37mINFO    [0m | [37m[profile:reanalyze[0] @ step 230]  buffer_update=1758.5ms  |  mcts_plan=112.9ms  |  param_sync=6.9ms  |  sample_wait=3.5ms[0m
[36m(LearnerActor pid=21290)[0m [32m2026-04-23 16:22:40[0m | [37mINFO    [0m | [37m(Learner) step=290 | total=1.7145 reward=0.4467 policy=1.9739 value=1.7871 consistency=-0.8939 | grad_norm=1.439[0m
[36m(LearnerActor pid=21290)[0m [32m2026-04-23 16:22:40[0m | [37mINFO    [0m | [37m[profile:learner @ step 290]  d2h_transfer=1.1ms  |  device_put=0.1ms  |  ema_update=4.4ms  |  rng_split=1.3ms  |  sample_wait=0.5ms  |  train_step=1622.9ms[0m
[36m(LearnerActor pid=21290)[0m [32m2026-04-23 16:23:01[0m | [37mINFO    [0m | [37m(Learner) run_training_loop: 20 steps | wall=36679ms | avg_per_step=1834.0ms[0m
[36m(ReanalyzeActor pid=21291)[0m [32m2026-04-23 16:23:19[0m | [37mINFO    [0m | [37m[profile:reanalyze[0] @ step 240]  buffer_update=3.1ms  |  mcts_plan=3838.9ms  |  param_sync=10.6ms  |  sample_wait=4.5ms[0m
[36m(LearnerActor pid=21290)[0m [32m2026-04-23 16:23:22[0m | [37mINFO    [0m | [37m(Learner) step=300 | total=1.8100 reward=0.4459 policy=1.9706 value=1.7867 consistency=-0.8954 | grad_norm=1.392[0m
[36m(LearnerActor pid=21290)[0m [32m2026-04-23 16:23:22[0m | [37mINFO    [0m | [37m[profile:learner @ step 300]  d2h_transfer=1932.9ms  |  device_put=0.5ms  |  ema_update=4.2ms  |  rng_split=1.3ms  |  sample_wait=0.6ms  |  train_step=1924.3ms[0m
[36m(ReanalyzeActor pid=21291)[0m [32m2026-04-23 16:23:38[0m | [37mINFO    [0m | [37m[profile:reanalyze[0] @ step 250]  buffer_update=4.8ms  |  mcts_plan=1884.9ms  |  param_sync=0.1ms  |  sample_wait=3.8ms[0m
[36m(LearnerActor pid=21290)[0m [32m2026-04-23 16:23:41[0m | [37mINFO    [0m | [37m(Learner) step=310 | total=1.3493 reward=0.4442 policy=1.9663 value=1.7751 consistency=-0.8975 | grad_norm=1.034[0m
[36m(LearnerActor pid=21290)[0m [32m2026-04-23 16:23:41[0m | [37mINFO    [0m | [37m[profile:learner @ step 310]  d2h_transfer=1801.3ms  |  device_put=0.1ms  |  ema_update=3.5ms  |  rng_split=1.3ms  |  sample_wait=0.8ms  |  train_step=89.5ms[0m
[36m(LearnerActor pid=21290)[0m [32m2026-04-23 16:24:06[0m | [37mINFO    [0m | [37m(Learner) run_training_loop: 20 steps | wall=59217ms | avg_per_step=2960.9ms[0m
[36m(LearnerActor pid=21290)[0m [32m2026-04-23 16:24:06[0m | [37mINFO    [0m | [37m(Learner) step=320 | total=1.7291 reward=0.4425 policy=1.9719 value=1.7703 consistency=-0.8985 | grad_norm=1.473[0m
[36m(LearnerActor pid=21290)[0m [32m2026-04-23 16:24:06[0m | [37mINFO    [0m | [37m[profile:learner @ step 320]  d2h_transfer=1.3ms  |  device_put=2.7ms  |  ema_update=3.7ms  |  rng_split=1.8ms  |  sample_wait=0.7ms  |  train_step=2171.6ms[0m
[36m(ReanalyzeActor pid=21291)[0m [32m2026-04-23 16:24:24[0m | [37mINFO    [0m | [37m[profile:reanalyze[0] @ step 260]  buffer_update=3.4ms  |  mcts_plan=4024.5ms  |  param_sync=8.6ms  |  sample_wait=3.9ms[0m
[36m(LearnerActor pid=21290)[0m [32m2026-04-23 16:24:32[0m | [37mINFO    [0m | [37m(Learner) step=330 | total=1.8100 reward=0.4408 policy=1.9548 value=1.7658 consistency=-0.9012 | grad_norm=1.588[0m
[36m(LearnerActor pid=21290)[0m [32m2026-04-23 16:24:32[0m | [37mINFO    [0m | [37m[profile:learner @ step 330]  d2h_transfer=1.3ms  |  device_put=0.1ms  |  ema_update=3.3ms  |  rng_split=1.7ms  |  sample_wait=0.7ms  |  train_step=2314.8ms[0m
[36m(ReanalyzeActor pid=21291)[0m [32m2026-04-23 16:24:47[0m | [37mINFO    [0m | [37m[profile:reanalyze[0] @ step 270]  buffer_update=1631.4ms  |  mcts_plan=637.1ms  |  param_sync=0.1ms  |  sample_wait=2.6ms[0m
[36m(LearnerActor pid=21290)[0m [32m2026-04-23 16:24:49[0m | [37mINFO    [0m | [37m(Learner) run_training_loop: 20 steps | wall=40730ms | avg_per_step=2036.5ms[0m
[36m(LearnerActor pid=21290)[0m [32m2026-04-23 16:24:50[0m | [37mINFO    [0m | [37m(Learner) step=340 | total=1.7885 reward=0.4395 policy=1.9583 value=1.7600 consistency=-0.9027 | grad_norm=1.813[0m
[36m(LearnerActor pid=21290)[0m [32m2026-04-23 16:24:50[0m | [37mINFO    [0m | [37m[profile:learner @ step 340]  d2h_transfer=1.8ms  |  device_put=0.1ms  |  ema_update=3.4ms  |  rng_split=3.3ms  |  sample_wait=0.5ms  |  train_step=1732.1ms[0m
[36m(LearnerActor pid=21290)[0m [32m2026-04-23 16:25:11[0m | [37mINFO    [0m | [37m(Learner) step=350 | total=0.2620 reward=0.4378 policy=1.9722 value=1.7626 consistency=-0.9034 | grad_norm=0.206[0m
[36m(LearnerActor pid=21290)[0m [32m2026-04-23 16:25:11[0m | [37mINFO    [0m | [37m[profile:learner @ step 350]  d2h_transfer=1.2ms  |  device_put=0.9ms  |  ema_update=3.6ms  |  rng_split=1.1ms  |  sample_wait=0.6ms  |  train_step=1870.1ms[0m
[36m(ReanalyzeActor pid=21291)[0m [32m2026-04-23 16:25:26[0m | [37mINFO    [0m | [37m[profile:reanalyze[0] @ step 280]  buffer_update=3.2ms  |  mcts_plan=3642.6ms  |  param_sync=6.8ms  |  sample_wait=3.5ms[0m
[36m(LearnerActor pid=21290)[0m [32m2026-04-23 16:25:33[0m | [37mINFO    [0m | [37m(Learner) run_training_loop: 20 steps | wall=37568ms | avg_per_step=1878.4ms[0m
[36m(LearnerActor pid=21290)[0m [32m2026-04-23 16:25:33[0m | [37mINFO    [0m | [37m(Learner) step=360 | total=1.4223 reward=0.4364 policy=1.9616 value=1.7604 consistency=-0.9052 | grad_norm=1.156[0m
[36m(LearnerActor pid=21290)[0m [32m2026-04-23 16:25:33[0m | [37mINFO    [0m | [37m[profile:learner @ step 360]  d2h_transfer=1.1ms  |  device_put=0.8ms  |  ema_update=4.4ms  |  rng_split=1.0ms  |  sample_wait=0.6ms  |  train_step=1863.5ms[0m
[32m2026-04-23 16:25:41[0m | [37mINFO    [0m | [37mEpisodes:    300 | Avg Return:     0.21 | Avg Loss: 0.9356 | eps/s: 0.2 | train steps/s: 0.5[0m
[32m2026-04-23 16:25:41[0m | [37mINFO    [0m | [37m  [loop profile] learner_calls=10 (avg gap=45606ms, expected=600ms)  |  data_completions=25  |  reanalyze_completions=141[0m
[32m2026-04-23 16:25:41[0m | [37mINFO    [0m | [37m  buf=3275/500000 (0.7%) pri=[0.000,39.588] beta=0.402[0m
[32m2026-04-23 16:25:41[0m | [37mINFO    [0m | [37mTraining complete.[0m
  Buffer: 126/20
